<?xml version="1.0" encoding="UTF-8"?>
<testng-results skipped="0" failed="0" ignored="0" total="0" passed="0">
  <reporter-output>
  </reporter-output>
  <suite name="br.com.cinemark.compraCinemark.AppTest" duration-ms="9" started-at="2019-10-06T23:16:35 BRT" finished-at="2019-10-06T23:16:35 BRT">
    <groups>
    </groups>
    <test name="Command line test" duration-ms="9" started-at="2019-10-06T23:16:35 BRT" finished-at="2019-10-06T23:16:35 BRT">
    </test> <!-- Command line test -->
  </suite> <!-- br.com.cinemark.compraCinemark.AppTest -->
</testng-results>
